2022-01-04 13:23:08 - file : /var/www/project/src/index.php : fail to load url content.
2022-01-04 13:23:25 - file : /var/www/project/src/index.php : fail to load url content.
2022-01-04 13:25:37 - file : /var/www/project/src/index.php : fail to load url content. url => https://www.boulange.com/ref/1147567
2022-01-04 13:26:18 - file : /var/www/project/src/index.php : fail to load url content (https://www.boulange.com/ref/1147567)
2022-01-05 10:55:37 - file : /var/www/project/src/index.php : fail to load url content (https://www.boulange.com/ref/1147567)
2022-01-05 10:55:57 - file : /var/www/project/src/index.php : fail to load url content (https://www.boulange.com/ref/1147567)
2022-01-05 11:16:59 - file : /var/www/project/src/index.php : fail to load url content (https://www.boulange.com/ref/1147567)
2022-01-05 13:34:55 - file :  : fail to load url content (https://www.boulange.com/ref/1147567)
2022-01-05 13:36:27 - file :  : fail to load url content (https://www.boulange.com/ref/1147567)
2022-01-05 13:38:33 - file :  : fail to load url content (https://www.boulange.com/ref/1147567)
2022-01-05 13:40:30 - fail to load url content (https://www.boulange.com/ref/1147567)
2022-01-05 13:42:56 - fail to load url content (https://www.boulange.com/ref/1147567)
2022-01-05 13:43:27 - fail to load url content (https://www.boulange.com/ref/1147567)
2022-01-05 13:44:02 - fail to load url content (https://www.boulange.com/ref/1147567)
2022-01-05 13:52:56 - fail to load url content (https://www.boulange.com/ref/1147567)
2022-01-05 13:54:12 - fail to load url content (https://www.boulange.com/ref/1147567)
2022-01-05 15:59:53 - fail to find element from xpath.
2022-01-05 16:02:07 - fail to find element from xpath (amazonFr)
2022-01-05 16:39:54 - url is empty (boulanger / xboxSeriesX)
2022-01-05 16:39:56 - fail to find element from xpath (amazonFr)
2022-01-05 16:39:56 - url is empty (amazonFr / xboxSeriesX)
